[2016-01-28 23:47:16] START
[2016-01-28 23:47:16] EDIT DrawAPiece/views/default/index.html: 0
[2016-01-28 23:47:20] EDIT DrawAPiece/models/db.py: 4
[2016-02-01 13:01:24] EDIT DrawAPiece/models/db.py: 4
[2016-02-01 13:09:27] EDIT DrawAPiece/models/db.py: -1
[2016-02-01 13:14:59] EDIT DrawAPiece/models/db.py: 0
[2016-02-01 13:18:52] EDIT DrawAPiece/models/db.py: 0
[2016-02-01 13:27:21] EDIT DrawAPiece/models/db.py: 3
[2016-02-01 13:27:46] EDIT DrawAPiece/models/db.py: -2
[2016-02-01 13:28:04] EDIT DrawAPiece/models/db.py: 1
[2016-02-01 13:28:32] EDIT DrawAPiece/models/db.py: 0
[2016-02-01 13:29:50] EDIT DrawAPiece/models/db.py: 0
[2016-02-01 13:34:53] EDIT DrawAPiece/models/db.py: 0
[2016-02-01 13:35:51] EDIT DrawAPiece/models/db.py: 1
[2016-02-01 13:35:56] EDIT DrawAPiece/models/db.py: 0
[2016-02-01 13:37:05] EDIT DrawAPiece/models/db.py: 0
[2016-02-01 13:38:20] EDIT DrawAPiece/models/db.py: 0
[2016-02-01 13:59:14] EDIT DrawAPiece/controllers/default.py: 0
[2016-02-01 14:04:37] EDIT DrawAPiece/models/db.py: -4
[2016-02-01 14:05:01] EDIT DrawAPiece/models/db.py: 0
[2016-02-01 14:06:59] EDIT DrawAPiece/models/db.py: 0
[2016-02-01 14:07:01] EDIT DrawAPiece/models/db.py: 0
[2016-02-01 14:07:54] EDIT DrawAPiece/controllers/default.py: 0
[2016-02-01 14:18:49] EDIT DrawAPiece/controllers/default.py: 0
[2016-02-01 14:20:14] EDIT DrawAPiece/controllers/default.py: 0
[2016-02-01 14:20:32] EDIT DrawAPiece/models/db.py: 0
[2016-02-01 14:21:12] EDIT DrawAPiece/models/db.py: 0
[2016-02-01 14:21:44] EDIT DrawAPiece/models/db.py: -1
[2016-02-01 14:24:41] EDIT DrawAPiece/controllers/default.py: 0
[2016-02-01 14:31:55] EDIT DrawAPiece/controllers/default.py: 1
[2016-02-01 14:32:25] EDIT DrawAPiece/controllers/default.py: 0
[2016-02-01 14:33:05] EDIT DrawAPiece/controllers/default.py: 0
[2016-02-01 14:33:38] EDIT DrawAPiece/controllers/default.py: 0
[2016-02-01 14:33:48] EDIT DrawAPiece/controllers/default.py: 0
[2016-02-01 14:35:06] EDIT DrawAPiece/views/default/showImages.html: 2
[2016-02-01 14:35:41] EDIT DrawAPiece/views/default/showImages.html: 2
[2016-02-01 14:38:40] EDIT DrawAPiece/views/default/showImages.html: 0
[2016-02-01 14:38:58] EDIT DrawAPiece/views/default/showImages.html: 0
[2016-02-01 14:40:56] EDIT DrawAPiece/views/default/showImages.html: 0
[2016-02-01 14:41:22] EDIT DrawAPiece/controllers/default.py: 0
[2016-02-01 15:04:39] EDIT DrawAPiece/views/default/index.html: 1
[2016-02-01 15:06:14] EDIT DrawAPiece/views/default/index.html: 0
[2016-02-01 15:10:07] EDIT DrawAPiece/controllers/default.py: 7
[2016-02-01 15:10:46] EDIT DrawAPiece/controllers/default.py: 0
[2016-02-01 15:11:35] EDIT DrawAPiece/controllers/default.py: 0
[2016-02-01 15:12:51] EDIT DrawAPiece/models/db.py: 0
[2016-02-01 15:13:25] EDIT DrawAPiece/models/db.py: 0
[2016-02-01 15:14:10] CREATE default/createProject.html: 0
[2016-02-01 15:20:16] EDIT DrawAPiece/views/default/createProject.html: 1
[2016-02-01 15:23:41] EDIT DrawAPiece/models/db.py: 4
[2016-02-01 15:24:46] EDIT DrawAPiece/models/db.py: 0
[2016-02-01 15:25:36] EDIT DrawAPiece/models/db.py: 0
[2016-02-01 15:26:15] EDIT DrawAPiece/models/db.py: 0
[2016-02-01 15:27:51] EDIT DrawAPiece/controllers/default.py: 2
[2016-02-01 15:33:14] EDIT DrawAPiece/controllers/default.py: 1
[2016-02-01 15:33:59] EDIT DrawAPiece/controllers/default.py: -1
[2016-02-01 15:40:27] EDIT DrawAPiece/controllers/default.py: 0
[2016-02-01 15:45:40] EDIT DrawAPiece/controllers/default.py: 0
[2016-02-01 15:47:07] EDIT DrawAPiece/controllers/default.py: 2
[2016-02-01 15:49:42] EDIT DrawAPiece/controllers/default.py: 1
[2016-02-01 15:49:48] EDIT DrawAPiece/controllers/default.py: 0
[2016-02-01 15:50:25] EDIT DrawAPiece/controllers/default.py: 0
[2016-02-01 15:50:55] EDIT DrawAPiece/controllers/default.py: 0
[2016-02-01 15:51:40] EDIT DrawAPiece/views/default/showImages.html: 0
[2016-02-01 15:52:09] EDIT DrawAPiece/views/default/showImages.html: 0
[2016-02-01 15:53:02] EDIT DrawAPiece/controllers/default.py: 0
[2016-02-01 15:53:54] EDIT DrawAPiece/views/default/showImages.html: 1
[2016-02-01 15:55:27] EDIT DrawAPiece/controllers/default.py: 0
[2016-02-01 15:56:16] EDIT DrawAPiece/controllers/default.py: 0
[2016-02-01 16:16:49] EDIT DrawAPiece/views/default/index.html: 2
[2016-02-01 16:20:49] EDIT DrawAPiece/models/db.py: 0
[2016-02-01 16:21:30] EDIT DrawAPiece/models/db.py: 0
[2016-02-01 16:23:40] EDIT DrawAPiece/controllers/default.py: 2
[2016-02-01 16:24:52] EDIT DrawAPiece/controllers/default.py: 0
[2016-02-01 16:24:54] EDIT DrawAPiece/controllers/default.py: 0
[2016-02-01 16:25:20] EDIT DrawAPiece/controllers/default.py: 0
[2016-02-01 16:25:26] EDIT DrawAPiece/controllers/default.py: 0
[2016-02-01 16:31:50] EDIT DrawAPiece/models/db.py: 0
[2016-02-01 16:32:44] EDIT DrawAPiece/views/default/index.html: -2
[2016-02-01 16:36:12] EDIT DrawAPiece/views/default/index.html: 2
[2016-02-01 16:36:29] EDIT DrawAPiece/controllers/default.py: 0
[2016-02-01 16:37:33] EDIT DrawAPiece/views/default/index.html: 0
[2016-02-01 16:38:38] EDIT DrawAPiece/views/default/index.html: 0
[2016-02-01 16:38:44] EDIT DrawAPiece/views/default/index.html: 0
[2016-02-01 16:39:28] EDIT DrawAPiece/views/default/index.html: 0
[2016-02-01 16:39:37] EDIT DrawAPiece/views/default/index.html: 0
[2016-02-01 16:40:11] EDIT DrawAPiece/views/default/index.html: 1
[2016-02-01 16:44:34] EDIT DrawAPiece/views/default/showImages.html: 1
[2016-02-01 16:46:25] EDIT DrawAPiece/controllers/default.py: 1
[2016-02-01 16:47:03] EDIT DrawAPiece/views/default/showImages.html: 0
[2016-02-01 16:47:32] EDIT DrawAPiece/views/default/showImages.html: 0
[2016-02-01 16:50:12] EDIT DrawAPiece/controllers/default.py: 1
[2016-02-01 17:00:45] EDIT DrawAPiece/views/default/create.html: 3
[2016-02-01 17:00:53] EDIT DrawAPiece/views/default/create.html: 0
[2016-02-01 17:02:17] EDIT DrawAPiece/views/default/create.html: 1
[2016-02-01 17:02:47] EDIT DrawAPiece/views/default/create.html: 1
[2016-02-01 17:03:07] EDIT DrawAPiece/views/default/create.html: 1
[2016-02-01 17:03:45] EDIT DrawAPiece/controllers/default.py: 1
[2016-02-01 17:04:25] EDIT DrawAPiece/controllers/default.py: 0
[2016-02-01 17:06:56] EDIT DrawAPiece/controllers/default.py: 0
[2016-02-01 17:08:53] EDIT DrawAPiece/controllers/default.py: 1
[2016-02-01 17:08:57] EDIT DrawAPiece/controllers/default.py: 0
[2016-02-01 17:29:44] EDIT DrawAPiece/views/default/create.html: -6
[2016-02-01 18:50:15] EDIT DrawAPiece/controllers/default.py: 0
[2016-02-01 18:50:54] EDIT DrawAPiece/controllers/default.py: 0
[2016-02-01 18:51:46] EDIT DrawAPiece/controllers/default.py: 0
[2016-02-01 18:54:28] EDIT DrawAPiece/controllers/default.py: 1
[2016-02-01 18:55:46] EDIT DrawAPiece/controllers/default.py: 0
[2016-02-01 19:16:17] EDIT DrawAPiece/views/default/showImages.html: 7
[2016-02-01 19:18:51] EDIT DrawAPiece/views/default/showImages.html: 0
[2016-02-01 19:19:43] EDIT DrawAPiece/views/default/showImages.html: 0
[2016-02-01 19:21:16] EDIT DrawAPiece/controllers/default.py: 0
[2016-02-01 19:22:00] EDIT DrawAPiece/views/default/showImages.html: 0
[2016-02-01 19:22:30] EDIT DrawAPiece/controllers/default.py: 0
[2016-02-01 19:23:32] EDIT DrawAPiece/views/default/showImages.html: 0
[2016-02-01 19:25:57] EDIT DrawAPiece/views/default/showImages.html: 0
[2016-02-01 19:26:39] EDIT DrawAPiece/views/default/showImages.html: 0
[2016-02-01 19:26:53] EDIT DrawAPiece/views/default/showImages.html: 0
[2016-02-01 19:28:06] EDIT DrawAPiece/views/default/showImages.html: 0
[2016-02-01 19:28:51] EDIT DrawAPiece/views/default/showImages.html: 0
[2016-02-01 19:29:26] EDIT DrawAPiece/views/default/showImages.html: 0
[2016-02-01 19:30:52] EDIT DrawAPiece/views/default/showImages.html: 0
[2016-02-01 19:31:08] EDIT DrawAPiece/views/default/showImages.html: 1
[2016-02-01 19:33:25] EDIT DrawAPiece/views/default/showImages.html: 2
[2016-02-01 19:34:58] EDIT DrawAPiece/views/default/showImages.html: 0
[2016-02-01 19:35:24] EDIT DrawAPiece/views/default/showImages.html: 0
[2016-02-01 19:35:33] EDIT DrawAPiece/views/default/showImages.html: 0
[2016-02-01 19:37:26] EDIT DrawAPiece/views/default/showImages.html: 0
[2016-02-01 19:37:42] EDIT DrawAPiece/views/default/showImages.html: 0
[2016-02-01 19:38:05] EDIT DrawAPiece/views/default/showImages.html: 0
[2016-02-01 19:38:34] EDIT DrawAPiece/views/default/showImages.html: 0
[2016-02-01 19:40:39] EDIT DrawAPiece/views/default/showImages.html: 0
[2016-02-01 19:41:05] EDIT DrawAPiece/views/default/showImages.html: 0
[2016-02-01 19:41:17] EDIT DrawAPiece/views/default/showImages.html: 0
[2016-02-01 19:41:26] EDIT DrawAPiece/views/default/showImages.html: 0
[2016-02-01 19:41:34] EDIT DrawAPiece/views/default/showImages.html: 0
[2016-02-01 19:41:42] EDIT DrawAPiece/views/default/showImages.html: 0
[2016-02-01 19:42:00] EDIT DrawAPiece/views/default/showImages.html: 0
[2016-02-01 19:43:20] EDIT DrawAPiece/views/default/showImages.html: 0
[2016-02-01 19:43:31] EDIT DrawAPiece/views/default/showImages.html: -1
[2016-02-01 19:43:44] EDIT DrawAPiece/views/default/showImages.html: 0
[2016-02-01 19:44:35] EDIT DrawAPiece/views/default/showImages.html: 0
[2016-02-01 19:46:39] EDIT DrawAPiece/views/default/showImages.html: 7
[2016-02-01 19:47:11] EDIT DrawAPiece/views/default/showImages.html: 0
[2016-02-01 19:47:30] EDIT DrawAPiece/views/default/showImages.html: 0
[2016-02-01 19:48:23] EDIT DrawAPiece/views/default/showImages.html: 0
[2016-02-01 19:48:49] EDIT DrawAPiece/views/default/showImages.html: 0
[2016-02-01 19:56:59] EDIT DrawAPiece/views/layout.html: 2
[2016-02-01 20:03:33] EDIT DrawAPiece/views/layout.html: 4
[2016-02-01 20:04:23] EDIT DrawAPiece/views/layout.html: -2
[2016-02-01 20:35:12] EDIT DrawAPiece/views/layout.html: 0
[2016-02-01 20:37:04] EDIT DrawAPiece/views/layout.html: 0
[2016-02-01 20:38:58] EDIT DrawAPiece/views/layout.html: 0
[2016-02-01 20:40:06] EDIT DrawAPiece/views/layout.html: 0
[2016-02-01 20:45:15] EDIT DrawAPiece/views/layout.html: 2
[2016-02-01 20:45:24] EDIT DrawAPiece/views/layout.html: 0
[2016-02-01 20:46:53] EDIT DrawAPiece/views/default/showImages.html: 2
[2016-02-01 20:48:31] EDIT DrawAPiece/views/default/showImages.html: 0
[2016-02-01 20:48:57] EDIT DrawAPiece/views/default/showImages.html: 0
[2016-02-01 20:49:27] EDIT DrawAPiece/views/default/showImages.html: 0
[2016-02-01 21:16:26] EDIT DrawAPiece/views/default/showImages.html: 0
[2016-02-01 21:16:32] EDIT DrawAPiece/views/default/showImages.html: -2
[2016-02-01 21:17:19] EDIT DrawAPiece/views/default/showImages.html: 2
[2016-02-06 18:50:49] EDIT DrawAPiece/views/default/showImages.html: 7
[2016-02-06 18:51:00] EDIT DrawAPiece/views/default/showImages.html: -6
[2016-02-06 18:52:14] EDIT DrawAPiece/views/default/showImages.html: 0
[2016-02-06 18:52:54] EDIT DrawAPiece/views/default/showImages.html: 2
[2016-02-06 18:53:39] EDIT DrawAPiece/views/default/showImages.html: 0
[2016-02-06 18:54:30] EDIT DrawAPiece/views/default/showImages.html: 0
[2016-02-06 18:55:02] EDIT DrawAPiece/views/default/showImages.html: 0
[2016-02-06 18:57:14] EDIT DrawAPiece/views/default/showImages.html: 0
[2016-02-06 18:57:29] EDIT DrawAPiece/views/default/showImages.html: 0
[2016-02-06 18:58:56] EDIT DrawAPiece/views/default/showImages.html: 0
[2016-02-06 18:59:06] EDIT DrawAPiece/views/default/showImages.html: 0
[2016-02-06 18:59:19] EDIT DrawAPiece/views/default/showImages.html: 0
[2016-02-06 18:59:34] EDIT DrawAPiece/views/default/showImages.html: 0
[2016-02-06 19:21:39] EDIT DrawAPiece/controllers/default.py: 3
[2016-02-06 19:21:48] EDIT DrawAPiece/controllers/default.py: 0
[2016-02-06 19:21:56] EDIT DrawAPiece/controllers/default.py: 0
[2016-02-06 19:21:58] EDIT DrawAPiece/controllers/default.py: 0
[2016-02-06 19:28:22] EDIT DrawAPiece/controllers/default.py: 0
[2016-02-06 19:32:29] EDIT DrawAPiece/controllers/default.py: 7
[2016-02-06 19:32:57] EDIT DrawAPiece/controllers/default.py: 0
[2016-02-06 19:33:10] EDIT DrawAPiece/controllers/default.py: 0
[2016-02-06 19:36:24] EDIT DrawAPiece/controllers/default.py: 0
[2016-02-06 19:38:00] EDIT DrawAPiece/controllers/default.py: 0
[2016-02-06 19:38:59] EDIT DrawAPiece/controllers/default.py: 0
[2016-02-06 19:39:33] EDIT DrawAPiece/controllers/default.py: -8
[2016-02-06 19:44:06] EDIT DrawAPiece/views/default/showImages.html: 2
[2016-02-06 19:44:48] EDIT DrawAPiece/views/default/showImages.html: 0
[2016-02-06 19:48:54] EDIT DrawAPiece/views/default/showImages.html: 0
[2016-02-06 19:49:50] EDIT DrawAPiece/views/default/showImages.html: 0
[2016-02-06 19:50:30] EDIT DrawAPiece/views/default/showImages.html: 0
[2016-02-06 19:50:58] EDIT DrawAPiece/views/default/showImages.html: 0
[2016-02-06 19:52:02] EDIT DrawAPiece/views/default/showImages.html: 2
[2016-02-06 19:54:08] EDIT DrawAPiece/controllers/default.py: 7
[2016-02-06 19:54:32] EDIT DrawAPiece/controllers/default.py: 1
[2016-02-06 19:55:19] EDIT DrawAPiece/controllers/default.py: 0
[2016-02-06 19:59:29] EDIT DrawAPiece/controllers/default.py: 4
[2016-02-06 19:59:34] EDIT DrawAPiece/controllers/default.py: 0
[2016-02-06 20:00:05] EDIT DrawAPiece/controllers/default.py: 0
[2016-02-06 20:26:46] EDIT DrawAPiece/controllers/default.py: 1
[2016-02-06 20:34:28] EDIT DrawAPiece/views/default/show.html: 2
[2016-02-06 20:37:59] EDIT DrawAPiece/controllers/default.py: -1
[2016-02-06 20:39:56] EDIT DrawAPiece/views/default/show.html: 4
[2016-02-06 20:40:28] EDIT DrawAPiece/controllers/default.py: 0
[2016-02-06 20:41:27] EDIT DrawAPiece/views/default/show.html: 0
[2016-02-06 20:42:57] EDIT DrawAPiece/views/default/show.html: 1
[2016-02-06 20:43:45] EDIT DrawAPiece/controllers/default.py: 0
[2016-02-06 20:44:45] EDIT DrawAPiece/views/default/showImages.html: 0
[2016-02-06 20:46:13] EDIT DrawAPiece/controllers/default.py: 2
[2016-02-06 20:47:34] EDIT DrawAPiece/views/default/showImages.html: -1
[2016-02-06 20:47:36] EDIT DrawAPiece/views/default/show.html: 0
[2016-02-06 20:48:33] EDIT DrawAPiece/views/default/showImages.html: 1
[2016-02-06 20:50:58] EDIT DrawAPiece/controllers/default.py: -1
[2016-02-06 20:52:10] EDIT DrawAPiece/controllers/default.py: 0
[2016-02-06 20:54:32] EDIT DrawAPiece/controllers/default.py: 0
[2016-02-06 21:05:10] EDIT DrawAPiece/views/default/showImages.html: 0
[2016-02-06 21:06:12] EDIT DrawAPiece/views/default/showImages.html: 0
[2016-02-06 21:11:12] EDIT DrawAPiece/views/default/showImages.html: 0
[2016-02-06 21:11:12] EDIT DrawAPiece/views/default/showImages.html: 0
[2016-02-06 21:11:12] EDIT DrawAPiece/views/default/showImages.html: 0
[2016-02-06 21:11:12] EDIT DrawAPiece/views/default/showImages.html: 0
[2016-02-06 21:12:10] EDIT DrawAPiece/views/default/showImages.html: 0
[2016-02-06 21:45:24] EDIT DrawAPiece/views/default/showImages.html: 0
[2016-02-06 21:54:35] EDIT DrawAPiece/views/default/showImages.html: 9
[2016-02-06 21:54:50] EDIT DrawAPiece/views/default/showImages.html: -1
[2016-02-06 21:59:21] EDIT DrawAPiece/views/default/showImages.html: 0
[2016-02-06 21:59:22] EDIT DrawAPiece/views/default/showImages.html: 0
[2016-02-06 21:59:23] EDIT DrawAPiece/views/default/showImages.html: 0
[2016-02-06 22:01:50] EDIT DrawAPiece/views/default/showImages.html: 0
[2016-02-06 22:07:59] EDIT DrawAPiece/views/default/showImages.html: 0
[2016-02-06 22:46:26] EDIT DrawAPiece/views/default/showImages.html: 0
[2016-02-06 22:47:21] EDIT DrawAPiece/views/default/showImages.html: 0
[2016-02-06 22:47:44] EDIT DrawAPiece/views/default/showImages.html: 0
[2016-02-06 22:48:23] EDIT DrawAPiece/views/default/showImages.html: 0
[2016-02-06 22:49:25] EDIT DrawAPiece/views/default/showImages.html: 0
[2016-02-06 22:51:07] EDIT DrawAPiece/views/default/showImages.html: 0
[2016-02-06 22:51:53] EDIT DrawAPiece/views/default/showImages.html: 0
[2016-02-06 22:56:04] EDIT DrawAPiece/views/default/showImages.html: 0
[2016-02-06 22:56:30] EDIT DrawAPiece/views/default/showImages.html: 0
[2016-02-06 22:57:11] EDIT DrawAPiece/views/default/showImages.html: 0
[2016-02-06 22:57:19] EDIT DrawAPiece/views/default/showImages.html: 0
[2016-02-06 22:57:59] EDIT DrawAPiece/views/default/showImages.html: 0
[2016-02-06 22:58:59] EDIT DrawAPiece/views/default/showImages.html: 1
[2016-02-06 22:59:31] EDIT DrawAPiece/views/default/showImages.html: 0
[2016-02-06 23:00:34] EDIT DrawAPiece/views/default/showImages.html: 0
[2016-02-06 23:00:54] EDIT DrawAPiece/views/default/showImages.html: 0
[2016-02-06 23:01:19] EDIT DrawAPiece/views/default/showImages.html: 0
[2016-02-06 23:02:55] EDIT DrawAPiece/views/default/showImages.html: 0
[2016-02-06 23:04:11] EDIT DrawAPiece/views/default/showImages.html: 0
[2016-02-06 23:04:40] EDIT DrawAPiece/views/default/showImages.html: 0
[2016-02-06 23:06:02] EDIT DrawAPiece/views/default/showImages.html: 0
[2016-02-06 23:06:21] EDIT DrawAPiece/views/default/showImages.html: -2
[2016-02-06 23:06:55] EDIT DrawAPiece/views/default/showImages.html: 0
[2016-02-06 23:07:16] EDIT DrawAPiece/views/default/showImages.html: -1
[2016-02-06 23:08:48] EDIT DrawAPiece/views/default/showImages.html: 0
[2016-02-06 23:09:09] EDIT DrawAPiece/views/default/showImages.html: 0
[2016-02-06 23:09:44] EDIT DrawAPiece/views/default/showImages.html: 0
[2016-02-06 23:10:45] EDIT DrawAPiece/controllers/default.py: 0
[2016-02-06 23:15:09] EDIT DrawAPiece/views/default/showImages.html: 0
[2016-02-06 23:15:21] EDIT DrawAPiece/views/default/showImages.html: 0
[2016-02-06 23:15:21] EDIT DrawAPiece/views/default/showImages.html: 0
[2016-02-06 23:15:21] EDIT DrawAPiece/views/default/showImages.html: 0
[2016-02-06 23:17:16] EDIT DrawAPiece/views/default/showImages.html: 0
[2016-02-06 23:17:25] EDIT DrawAPiece/views/default/showImages.html: 0
[2016-02-06 23:25:30] EDIT DrawAPiece/views/default/showImages.html: 2
[2016-02-06 23:26:15] EDIT DrawAPiece/views/default/showImages.html: 0
[2016-02-06 23:27:36] EDIT DrawAPiece/views/default/showImages.html: 0
[2016-02-06 23:27:41] EDIT DrawAPiece/views/default/showImages.html: 0
[2016-02-06 23:28:14] EDIT DrawAPiece/views/default/showImages.html: 0
[2016-02-06 23:29:20] EDIT DrawAPiece/views/default/showImages.html: -2
[2016-02-06 23:29:29] EDIT DrawAPiece/views/default/showImages.html: -10
[2016-02-06 23:30:56] EDIT DrawAPiece/views/default/showImages.html: 0
[2016-02-06 23:32:51] EDIT DrawAPiece/controllers/default.py: 0
[2016-02-06 23:33:11] EDIT DrawAPiece/controllers/default.py: 0
[2016-02-06 23:33:30] EDIT DrawAPiece/controllers/default.py: 0
[2016-02-06 23:33:36] EDIT DrawAPiece/controllers/default.py: 0
[2016-02-06 23:33:37] EDIT DrawAPiece/controllers/default.py: 0
[2016-02-06 23:33:37] EDIT DrawAPiece/controllers/default.py: 0
[2016-02-06 23:33:59] EDIT DrawAPiece/controllers/default.py: 0
[2016-02-06 23:39:27] EDIT DrawAPiece/views/default/show.html: 0
[2016-02-06 23:41:44] EDIT DrawAPiece/views/default/show.html: 0
[2016-02-06 23:41:54] EDIT DrawAPiece/views/default/show.html: 0
[2016-02-06 23:43:36] EDIT DrawAPiece/controllers/default.py: 0
[2016-02-06 23:45:16] EDIT DrawAPiece/controllers/default.py: 0
[2016-02-06 23:45:48] EDIT DrawAPiece/views/default/showImages.html: -1
[2016-02-06 23:46:53] EDIT DrawAPiece/views/default/index.html: -1
[2016-02-06 23:52:29] EDIT DrawAPiece/views/default/show.html: 0
[2016-02-06 23:53:01] EDIT DrawAPiece/views/default/show.html: 0
[2016-02-06 23:53:51] EDIT DrawAPiece/views/default/show.html: 0
[2016-02-06 23:54:56] EDIT DrawAPiece/controllers/default.py: -4
[2016-02-06 23:56:54] EDIT DrawAPiece/controllers/default.py: 1
[2016-02-06 23:59:39] EDIT DrawAPiece/controllers/default.py: -1
[2016-02-06 23:59:59] EDIT DrawAPiece/controllers/default.py: 0
[2016-02-07 00:00:29] EDIT DrawAPiece/controllers/default.py: 0
[2016-02-07 00:00:38] EDIT DrawAPiece/controllers/default.py: 0
[2016-02-07 00:02:03] EDIT DrawAPiece/controllers/default.py: 0
[2016-02-07 14:40:05] EDIT DrawAPiece/controllers/default.py: 0
[2016-02-07 14:41:01] EDIT DrawAPiece/views/default/show.html: 0
[2016-02-07 14:41:17] EDIT DrawAPiece/controllers/default.py: 0
[2016-02-07 14:44:35] EDIT DrawAPiece/controllers/default.py: 0
[2016-02-07 14:45:06] EDIT DrawAPiece/controllers/default.py: 0
[2016-02-07 14:49:39] EDIT DrawAPiece/controllers/default.py: 0
[2016-02-07 14:50:14] EDIT DrawAPiece/controllers/default.py: 0
[2016-02-07 14:52:09] EDIT DrawAPiece/controllers/default.py: 0
[2016-02-07 14:52:25] EDIT DrawAPiece/controllers/default.py: 0
[2016-02-07 14:53:11] EDIT DrawAPiece/views/default/showImages.html: -3
[2016-02-07 14:54:51] EDIT DrawAPiece/views/default/showImages.html: 1
[2016-02-07 14:55:17] EDIT DrawAPiece/views/default/showImages.html: 0
[2016-02-07 14:57:25] EDIT DrawAPiece/views/default/showImages.html: 1
[2016-02-07 14:59:42] EDIT DrawAPiece/views/default/showImages.html: 0
[2016-02-07 15:00:26] EDIT DrawAPiece/views/default/showImages.html: 0
[2016-02-07 15:01:58] EDIT DrawAPiece/views/default/showImages.html: 0
[2016-02-07 15:09:42] EDIT DrawAPiece/views/default/showImages.html: 0
[2016-02-07 15:11:39] EDIT DrawAPiece/views/default/showImages.html: 0
[2016-02-07 15:16:20] EDIT DrawAPiece/views/default/showImages.html: 6
[2016-02-07 15:16:55] EDIT DrawAPiece/views/default/showImages.html: 0
[2016-02-07 15:18:53] EDIT DrawAPiece/views/default/showImages.html: 1
[2016-02-07 15:19:21] EDIT DrawAPiece/views/default/showImages.html: 0
[2016-02-07 15:20:31] EDIT DrawAPiece/views/default/showImages.html: 0
[2016-02-07 15:22:34] EDIT DrawAPiece/views/default/showImages.html: 0
[2016-02-07 15:25:32] EDIT DrawAPiece/views/default/showImages.html: -2
[2016-02-07 15:26:40] EDIT DrawAPiece/views/default/showImages.html: 0
[2016-02-07 15:27:31] EDIT DrawAPiece/views/default/showImages.html: 0
[2016-02-07 15:27:49] EDIT DrawAPiece/views/default/showImages.html: 0
[2016-02-07 15:29:40] EDIT DrawAPiece/views/default/showImages.html: 0
[2016-02-07 15:30:50] EDIT DrawAPiece/views/default/showImages.html: 0
[2016-02-07 15:31:25] EDIT DrawAPiece/views/default/showImages.html: 0
[2016-02-07 15:32:19] EDIT DrawAPiece/views/default/showImages.html: 0
[2016-02-07 15:32:42] EDIT DrawAPiece/views/default/showImages.html: 0
[2016-02-07 15:33:20] EDIT DrawAPiece/views/default/showImages.html: 0
[2016-02-07 15:33:36] EDIT DrawAPiece/views/default/showImages.html: 0
[2016-02-07 15:34:58] EDIT DrawAPiece/views/default/showImages.html: 0
[2016-02-07 15:35:17] EDIT DrawAPiece/views/default/showImages.html: 0
[2016-02-07 15:35:26] EDIT DrawAPiece/views/default/showImages.html: 0
[2016-02-07 15:35:44] EDIT DrawAPiece/views/default/showImages.html: 0
[2016-02-07 15:36:59] EDIT DrawAPiece/views/default/showImages.html: 1
[2016-02-07 15:37:45] EDIT DrawAPiece/views/default/showImages.html: 0
[2016-02-07 15:39:38] EDIT DrawAPiece/views/default/showImages.html: 0
[2016-02-07 15:40:08] EDIT DrawAPiece/views/default/showImages.html: -1
[2016-02-07 15:43:38] EDIT DrawAPiece/views/default/showImages.html: 0
[2016-02-07 15:45:24] EDIT DrawAPiece/views/default/showImages.html: 0
[2016-02-07 15:46:19] EDIT DrawAPiece/views/default/showImages.html: 0
[2016-02-07 15:53:35] EDIT DrawAPiece/views/default/showImages.html: 1
[2016-02-07 15:54:06] EDIT DrawAPiece/views/default/showImages.html: -1
[2016-02-07 15:56:17] EDIT DrawAPiece/views/default/showImages.html: 1
[2016-02-07 15:57:05] EDIT DrawAPiece/views/default/showImages.html: 0
[2016-02-07 15:58:07] EDIT DrawAPiece/views/default/showImages.html: 0
[2016-02-07 15:59:56] EDIT DrawAPiece/views/default/showImages.html: 0
[2016-02-07 16:01:42] EDIT DrawAPiece/views/default/showImages.html: 0
[2016-02-07 16:02:14] EDIT DrawAPiece/views/default/showImages.html: 0
[2016-02-07 16:03:44] EDIT DrawAPiece/views/default/showImages.html: 0
[2016-02-07 16:04:14] EDIT DrawAPiece/views/default/showImages.html: 0
[2016-02-07 16:06:41] EDIT DrawAPiece/views/default/showImages.html: 0
[2016-02-07 16:06:57] EDIT DrawAPiece/views/default/showImages.html: 0
[2016-02-07 16:07:59] EDIT DrawAPiece/views/default/showImages.html: 1
[2016-02-07 16:08:20] EDIT DrawAPiece/views/default/showImages.html: -1
[2016-02-07 16:08:37] EDIT DrawAPiece/views/default/showImages.html: 0
[2016-02-07 16:09:12] EDIT DrawAPiece/views/default/showImages.html: 0
[2016-02-07 16:13:16] EDIT DrawAPiece/views/default/showImages.html: -1
[2016-02-07 16:16:47] EDIT DrawAPiece/views/default/showImages.html: 0
[2016-02-07 16:24:13] EDIT DrawAPiece/views/default/show.html: 16
[2016-02-07 16:24:55] EDIT DrawAPiece/views/default/index.html: -17
[2016-02-07 16:26:16] EDIT DrawAPiece/views/default/index.html: -24
[2016-02-07 16:27:02] EDIT DrawAPiece/views/default/index.html: 1
[2016-02-07 16:27:25] EDIT DrawAPiece/views/default/index.html: -2
[2016-02-07 16:27:42] EDIT DrawAPiece/controllers/default.py: 0
[2016-02-07 16:27:43] EDIT DrawAPiece/views/default/showImages.html: 0
[2016-02-07 16:28:44] EDIT DrawAPiece/views/default/show.html: 0
[2016-02-07 16:29:29] EDIT DrawAPiece/views/default/show.html: 0
[2016-02-07 16:30:39] EDIT DrawAPiece/views/default/show.html: 0
[2016-02-07 16:31:54] EDIT DrawAPiece/views/default/show.html: -5
[2016-02-08 14:11:44] EDIT DrawAPiece/views/default/showImages.html: 0
[2016-02-08 14:22:46] EDIT DrawAPiece/views/layout.html: -1
[2016-02-08 14:23:43] EDIT DrawAPiece/views/layout.html: 0
[2016-02-08 14:26:59] CREATE css/style.css: 0
[2016-02-08 14:28:12] EDIT DrawAPiece/views/layout.html: 1
[2016-02-08 14:28:25] EDIT DrawAPiece/views/layout.html: 0
[2016-02-08 14:33:11] EDIT DrawAPiece/views/default/showImages.html: 5
[2016-02-08 14:35:05] EDIT DrawAPiece/views/default/showImages.html: 0
[2016-02-08 14:36:26] EDIT DrawAPiece/views/default/showImages.html: 0
[2016-02-08 14:36:41] EDIT DrawAPiece/views/default/showImages.html: 0
[2016-02-08 14:37:10] EDIT DrawAPiece/views/default/showImages.html: 0
[2016-02-08 14:37:11] EDIT DrawAPiece/views/default/showImages.html: 0
[2016-02-08 14:37:39] EDIT DrawAPiece/views/default/showImages.html: 0
[2016-02-08 14:40:04] EDIT DrawAPiece/views/default/showImages.html: 0
[2016-02-08 14:40:11] EDIT DrawAPiece/views/default/showImages.html: 0
[2016-02-08 14:41:51] EDIT DrawAPiece/views/default/showImages.html: 0
[2016-02-08 14:42:29] EDIT DrawAPiece/views/default/showImages.html: 0
[2016-02-08 14:44:14] EDIT DrawAPiece/views/default/showImages.html: 0
[2016-02-08 14:47:43] EDIT DrawAPiece/static/css/style.css: 5
[2016-02-08 14:48:12] EDIT DrawAPiece/views/default/showImages.html: 0
[2016-02-08 14:48:49] EDIT DrawAPiece/static/css/style.css: 2
[2016-02-08 14:49:18] EDIT DrawAPiece/static/css/style.css: 0
[2016-02-08 14:50:38] EDIT DrawAPiece/views/default/showImages.html: 0
[2016-02-08 14:50:48] EDIT DrawAPiece/static/css/style.css: 0
[2016-02-08 14:50:53] EDIT DrawAPiece/static/css/style.css: 0
[2016-02-08 14:51:54] EDIT DrawAPiece/static/css/style.css: 0
[2016-02-08 14:53:47] EDIT DrawAPiece/static/css/style.css: 0
[2016-02-08 14:58:00] EDIT DrawAPiece/static/css/style.css: 0
[2016-02-08 14:58:53] EDIT DrawAPiece/static/css/style.css: 4
[2016-02-08 15:08:38] EDIT DrawAPiece/views/default/showImages.html: -1
[2016-02-08 15:08:57] EDIT DrawAPiece/static/css/style.css: 0
[2016-02-08 15:10:04] EDIT DrawAPiece/static/css/style.css: 2
[2016-02-08 15:10:09] EDIT DrawAPiece/static/css/style.css: 0
[2016-02-08 15:12:05] EDIT DrawAPiece/views/default/showImages.html: 0
[2016-02-08 15:25:04] EDIT DrawAPiece/static/css/style.css: 36
[2016-02-08 15:26:04] EDIT DrawAPiece/views/default/showImages.html: 0
[2016-02-08 15:30:07] EDIT DrawAPiece/views/layout.html: 1
[2016-02-08 15:32:19] EDIT DrawAPiece/views/default/showImages.html: 1
[2016-02-08 15:38:48] EDIT DrawAPiece/views/default/showImages.html: 0
[2016-02-08 15:40:38] EDIT DrawAPiece/static/css/style.css: -13
[2016-02-08 15:40:58] EDIT DrawAPiece/static/css/style.css: -1
[2016-02-08 15:41:47] EDIT DrawAPiece/static/css/style.css: 2
[2016-02-08 15:42:05] EDIT DrawAPiece/static/css/style.css: 0
[2016-02-08 15:43:04] EDIT DrawAPiece/views/default/showImages.html: 0
[2016-02-08 15:43:38] EDIT DrawAPiece/static/css/style.css: 0
[2016-02-08 15:43:58] EDIT DrawAPiece/static/css/style.css: 0
[2016-02-08 15:44:59] EDIT DrawAPiece/views/default/showImages.html: 0
[2016-02-08 15:45:19] EDIT DrawAPiece/static/css/style.css: 0
[2016-02-08 16:01:17] EDIT DrawAPiece/static/css/style.css: 0
[2016-02-08 16:03:13] EDIT DrawAPiece/views/default/showImages.html: 0
[2016-02-08 16:04:45] EDIT DrawAPiece/views/default/showImages.html: 6
[2016-02-08 16:18:53] EDIT DrawAPiece/views/default/showImages.html: 0
[2016-02-08 16:19:05] EDIT DrawAPiece/views/default/showImages.html: 0
[2016-02-08 16:20:08] EDIT DrawAPiece/views/default/showImages.html: 0
[2016-02-08 16:20:39] EDIT DrawAPiece/views/default/showImages.html: 0
[2016-02-08 16:20:58] EDIT DrawAPiece/views/default/showImages.html: 0
[2016-02-08 16:21:50] EDIT DrawAPiece/views/default/showImages.html: 0
[2016-02-08 16:22:10] EDIT DrawAPiece/views/default/showImages.html: 0
[2016-02-08 16:22:57] EDIT DrawAPiece/views/default/showImages.html: 0
[2016-02-08 16:23:20] EDIT DrawAPiece/views/default/showImages.html: 0
[2016-02-08 16:23:50] EDIT DrawAPiece/views/default/showImages.html: 0
[2016-02-08 16:24:09] EDIT DrawAPiece/views/default/showImages.html: 0
[2016-02-08 16:24:23] EDIT DrawAPiece/views/default/showImages.html: 0
[2016-02-08 16:24:56] EDIT DrawAPiece/views/default/showImages.html: 0
[2016-02-08 16:25:13] EDIT DrawAPiece/views/default/showImages.html: 0
[2016-02-08 16:25:28] EDIT DrawAPiece/views/default/showImages.html: 0
[2016-02-08 16:26:07] EDIT DrawAPiece/views/default/showImages.html: 0
[2016-02-08 16:26:23] EDIT DrawAPiece/views/default/showImages.html: 0
[2016-02-08 16:26:46] EDIT DrawAPiece/views/default/showImages.html: 0
[2016-02-08 16:26:56] EDIT DrawAPiece/views/default/showImages.html: 0
[2016-02-08 16:27:06] EDIT DrawAPiece/views/default/showImages.html: 0
[2016-02-08 16:27:30] EDIT DrawAPiece/views/default/showImages.html: 0
[2016-02-08 16:28:00] EDIT DrawAPiece/views/default/showImages.html: 0
[2016-02-08 16:28:03] EDIT DrawAPiece/views/default/showImages.html: 0
[2016-02-08 16:28:12] EDIT DrawAPiece/views/default/showImages.html: 0
[2016-02-08 16:29:16] EDIT DrawAPiece/views/layout.html: -1
[2016-02-08 16:49:18] EDIT DrawAPiece/views/default/showImages.html: 25
[2016-02-08 16:51:34] EDIT DrawAPiece/views/default/showImages.html: 0
[2016-02-08 16:52:36] EDIT DrawAPiece/static/css/style.css: 0
[2016-02-08 16:53:03] EDIT DrawAPiece/static/css/style.css: 0
[2016-02-08 16:53:06] EDIT DrawAPiece/static/css/style.css: 0
[2016-02-08 17:11:49] EDIT DrawAPiece/views/web2py_ajax.html: -1
[2016-02-08 17:14:44] EDIT DrawAPiece/views/layout.html: 3
[2016-02-08 17:14:49] EDIT DrawAPiece/views/layout.html: 0
[2016-02-08 17:14:51] EDIT DrawAPiece/views/web2py_ajax.html: 0
[2016-02-08 17:15:48] EDIT DrawAPiece/views/default/showImages.html: 0
[2016-02-08 17:26:45] EDIT DrawAPiece/views/default/showImages.html: -2
[2016-02-08 17:27:33] EDIT DrawAPiece/views/default/showImages.html: -1
[2016-02-08 17:28:21] EDIT DrawAPiece/static/css/style.css: 1
[2016-02-08 17:28:25] EDIT DrawAPiece/static/css/style.css: 0
[2016-02-08 17:28:36] EDIT DrawAPiece/static/css/style.css: 0
[2016-02-08 17:28:55] EDIT DrawAPiece/static/css/style.css: 0
[2016-02-08 17:29:41] EDIT DrawAPiece/static/css/style.css: 0
[2016-02-08 17:35:00] EDIT DrawAPiece/static/css/style.css: 10
[2016-02-08 17:35:33] EDIT DrawAPiece/static/css/style.css: 0
[2016-02-08 17:35:46] EDIT DrawAPiece/static/css/style.css: 0
[2016-02-08 17:36:41] EDIT DrawAPiece/static/css/style.css: -2
[2016-02-08 17:37:03] EDIT DrawAPiece/static/css/style.css: 0
[2016-02-08 17:45:01] EDIT DrawAPiece/views/default/showImages.html: 0
[2016-02-08 17:50:40] EDIT DrawAPiece/views/default/showImages.html: 1
[2016-02-08 17:53:39] EDIT DrawAPiece/views/default/showImages.html: 0
[2016-02-08 17:54:07] EDIT DrawAPiece/views/default/showImages.html: 0
[2016-02-08 17:55:36] UPLOAD X:/Downloads/web2py_win/web2py/applications/DrawAPiece/static/blank.png: 5
[2016-02-08 17:56:21] DELETE DrawAPiece/static/blank.png: -1
[2016-02-08 17:57:02] UPLOAD X:/Downloads/web2py_win/web2py/applications/DrawAPiece/static/images/blank.png: 5
[2016-02-08 17:58:27] EDIT DrawAPiece/views/default/showImages.html: 0
[2016-02-08 17:59:48] EDIT DrawAPiece/views/default/showImages.html: 0
[2016-02-08 18:01:54] EDIT DrawAPiece/static/css/style.css: 2
[2016-02-08 18:02:05] EDIT DrawAPiece/static/css/style.css: -2
[2016-02-08 18:05:05] EDIT DrawAPiece/views/default/showImages.html: 0
[2016-02-08 18:06:05] EDIT DrawAPiece/views/default/showImages.html: 0
[2016-02-08 18:06:36] EDIT DrawAPiece/views/default/showImages.html: 1
[2016-02-08 18:07:31] EDIT DrawAPiece/static/css/style.css: 0
[2016-02-08 18:08:09] EDIT DrawAPiece/static/css/style.css: 2
[2016-02-08 18:13:30] EDIT DrawAPiece/views/default/showImages.html: 1
[2016-02-08 18:13:55] EDIT DrawAPiece/views/default/showImages.html: -1
[2016-02-08 18:15:49] EDIT DrawAPiece/views/default/showImages.html: 0
[2016-02-08 18:15:54] EDIT DrawAPiece/views/default/showImages.html: 0
[2016-02-08 18:16:50] EDIT DrawAPiece/views/default/showImages.html: 0
[2016-02-08 18:17:32] EDIT DrawAPiece/views/default/showImages.html: 0
[2016-02-08 18:17:59] EDIT DrawAPiece/static/css/style.css: 0
[2016-02-08 18:22:15] EDIT DrawAPiece/views/default/showImages.html: 0
[2016-02-08 18:23:25] EDIT DrawAPiece/views/default/showImages.html: 0
[2016-02-08 18:23:47] EDIT DrawAPiece/static/css/style.css: 0
[2016-02-08 18:23:56] EDIT DrawAPiece/static/css/style.css: 0
[2016-02-08 18:25:38] EDIT DrawAPiece/static/css/style.css: 3
[2016-02-08 18:25:54] EDIT DrawAPiece/static/css/style.css: 0
[2016-02-08 18:26:09] EDIT DrawAPiece/static/css/style.css: 0
[2016-02-08 18:29:01] EDIT DrawAPiece/views/layout.html: 0
[2016-02-08 18:29:16] EDIT DrawAPiece/views/layout.html: 0
[2016-02-08 18:31:48] EDIT DrawAPiece/static/css/style.css: 0
[2016-02-08 18:48:44] EDIT DrawAPiece/views/default/showImages.html: 0
[2016-02-08 18:49:16] EDIT DrawAPiece/views/default/showImages.html: 0
[2016-02-08 18:49:26] EDIT DrawAPiece/views/default/showImages.html: 0
[2016-02-08 18:51:14] EDIT DrawAPiece/views/default/showImages.html: 0
[2016-02-08 18:51:28] EDIT DrawAPiece/views/default/showImages.html: 0
[2016-02-08 18:56:51] EDIT DrawAPiece/static/css/style.css: 4
[2016-02-08 18:57:05] EDIT DrawAPiece/static/css/style.css: -1
[2016-02-08 18:57:40] EDIT DrawAPiece/views/default/showImages.html: 0
[2016-02-08 18:57:48] EDIT DrawAPiece/views/default/showImages.html: 0
[2016-02-08 19:01:47] EDIT DrawAPiece/static/css/style.css: -37
[2016-02-08 19:02:17] EDIT DrawAPiece/views/default/showImages.html: -1
[2016-02-08 19:03:00] EDIT DrawAPiece/views/default/showImages.html: 0
[2016-02-08 19:03:16] EDIT DrawAPiece/views/default/showImages.html: 0
[2016-02-08 19:03:39] EDIT DrawAPiece/views/default/showImages.html: 0
[2016-02-08 19:04:23] EDIT DrawAPiece/views/default/showImages.html: 1
[2016-02-08 19:04:29] EDIT DrawAPiece/views/default/showImages.html: -2
[2016-02-08 19:05:26] EDIT DrawAPiece/views/default/showImages.html: 0
[2016-02-08 19:05:36] EDIT DrawAPiece/views/default/showImages.html: 0
[2016-02-08 19:56:24] EDIT DrawAPiece/views/default/showImages.html: -13
[2016-02-08 20:02:35] EDIT DrawAPiece/views/default/showImages.html: 13
[2016-02-08 20:12:12] EDIT DrawAPiece/views/default/showImages.html: 0
[2016-02-08 20:12:50] EDIT DrawAPiece/views/default/showImages.html: 0
[2016-02-08 20:13:59] EDIT DrawAPiece/views/default/showImages.html: 0
[2016-02-08 20:19:30] EDIT DrawAPiece/views/default/showImages.html: 1
[2016-02-08 20:27:37] EDIT DrawAPiece/views/default/showImages.html: 0
[2016-02-08 20:27:52] EDIT DrawAPiece/views/default/showImages.html: -1
[2016-02-08 20:38:57] EDIT DrawAPiece/views/default/showImages.html: 0
[2016-02-08 20:39:33] EDIT DrawAPiece/views/default/showImages.html: 0
[2016-02-08 21:16:49] EDIT DrawAPiece/views/default/showImages.html: 1
[2016-02-08 21:18:40] EDIT DrawAPiece/views/default/showImages.html: 0
[2016-02-08 21:19:05] EDIT DrawAPiece/views/default/showImages.html: 0
[2016-02-08 21:19:09] EDIT DrawAPiece/views/default/showImages.html: 0
[2016-02-08 21:19:59] EDIT DrawAPiece/views/default/showImages.html: 0
[2016-02-08 21:20:40] EDIT DrawAPiece/views/default/showImages.html: 0
[2016-02-08 21:21:44] EDIT DrawAPiece/views/default/showImages.html: 0
[2016-02-08 21:24:50] EDIT DrawAPiece/views/default/showImages.html: 2
[2016-02-08 21:25:43] EDIT DrawAPiece/views/default/showImages.html: 25
[2016-02-08 21:26:11] EDIT DrawAPiece/views/default/showImages.html: -27
[2016-02-08 21:29:13] EDIT DrawAPiece/views/default/showImages.html: -19
[2016-02-08 21:32:21] EDIT DrawAPiece/views/default/showImages.html: 0
[2016-02-08 21:33:30] EDIT DrawAPiece/views/default/showImages.html: 0
[2016-02-08 21:34:29] EDIT DrawAPiece/views/default/showImages.html: 0
[2016-02-08 21:36:17] EDIT DrawAPiece/static/css/style.css: 6
[2016-02-08 21:37:28] EDIT DrawAPiece/static/css/style.css: 2
[2016-02-08 21:37:40] EDIT DrawAPiece/static/css/style.css: 0
[2016-02-08 21:38:17] EDIT DrawAPiece/static/css/style.css: -7
[2016-02-08 21:38:40] EDIT DrawAPiece/static/css/style.css: 0
[2016-02-08 21:39:43] EDIT DrawAPiece/views/default/showImages.html: 0
[2016-02-08 21:40:35] EDIT DrawAPiece/static/css/style.css: 0
[2016-02-08 21:40:36] EDIT DrawAPiece/static/css/style.css: 0
[2016-02-08 21:41:09] EDIT DrawAPiece/static/css/style.css: -1
[2016-02-08 21:41:50] EDIT DrawAPiece/views/default/showImages.html: 0
[2016-02-08 21:42:20] EDIT DrawAPiece/views/default/showImages.html: 0
[2016-02-08 21:43:13] EDIT DrawAPiece/static/css/style.css: 1
[2016-02-08 21:44:26] EDIT DrawAPiece/static/css/style.css: 0
[2016-02-08 21:44:36] EDIT DrawAPiece/static/css/style.css: 0
[2016-02-09 18:53:53] EDIT DrawAPiece/views/default/show.html: 1
[2016-02-09 18:54:32] EDIT DrawAPiece/controllers/default.py: 2
[2016-02-09 18:54:49] EDIT DrawAPiece/views/default/show.html: 0
[2016-02-09 18:54:55] EDIT DrawAPiece/views/default/show.html: 0
[2016-02-09 18:55:27] EDIT DrawAPiece/views/default/show.html: 0
[2016-02-12 14:31:40] EDIT DrawAPiece/controllers/default.py: 10
[2016-02-12 14:36:04] EDIT DrawAPiece/controllers/default.py: 0
[2016-02-12 15:18:39] EDIT DrawAPiece/views/default/showImages.html: -9
[2016-02-12 15:18:44] EDIT DrawAPiece/views/default/showImages.html: 0
[2016-02-12 15:21:39] DELETE DrawAPiece/static/css/drawing.css: 0
[2016-02-12 15:22:37] EDIT DrawAPiece/static/css/style.css: 3
[2016-02-12 15:22:58] EDIT DrawAPiece/static/css/style.css: -1
[2016-02-12 15:23:20] EDIT DrawAPiece/static/css/style.css: 1
[2016-02-12 15:24:07] EDIT DrawAPiece/static/css/style.css: 2
[2016-02-12 15:29:18] EDIT DrawAPiece/views/default/showImages.html: 0
[2016-02-12 15:29:39] EDIT DrawAPiece/views/default/showImages.html: 0
[2016-02-12 15:29:59] EDIT DrawAPiece/views/default/showImages.html: 0
[2016-02-12 15:30:09] EDIT DrawAPiece/views/default/showImages.html: 0
[2016-02-12 15:40:45] EDIT DrawAPiece/views/default/show.html: 0
[2016-02-12 15:40:55] EDIT DrawAPiece/views/default/show.html: 0
[2016-02-12 15:41:21] EDIT DrawAPiece/static/css/style.css: 0
[2016-02-12 15:41:26] EDIT DrawAPiece/static/css/style.css: 0
[2016-02-12 15:41:37] EDIT DrawAPiece/static/css/style.css: -2
[2016-02-12 15:41:47] EDIT DrawAPiece/views/default/show.html: 0
[2016-02-12 15:42:42] EDIT DrawAPiece/controllers/default.py: 0
[2016-02-12 15:42:52] EDIT DrawAPiece/controllers/default.py: 0
[2016-02-12 15:44:01] EDIT DrawAPiece/static/css/style.css: 1
[2016-02-12 16:27:12] EDIT DrawAPiece/views/default/showImages.html: 2
[2016-02-12 16:27:43] EDIT DrawAPiece/views/default/showImages.html: 0
[2016-02-12 16:27:58] EDIT DrawAPiece/views/default/showImages.html: 0
[2016-02-12 16:27:58] EDIT DrawAPiece/views/default/showImages.html: 0
[2016-02-12 16:29:22] EDIT DrawAPiece/views/default/showImages.html: 0
[2016-02-12 16:29:53] EDIT DrawAPiece/views/default/showImages.html: 0
[2016-02-12 16:30:00] EDIT DrawAPiece/views/default/showImages.html: 0
[2016-02-12 16:35:54] EDIT DrawAPiece/views/default/showImages.html: 0
[2016-02-12 16:36:04] EDIT DrawAPiece/views/default/showImages.html: 0
[2016-02-12 16:37:06] EDIT DrawAPiece/views/default/showImages.html: 0
[2016-02-12 16:37:31] EDIT DrawAPiece/views/default/showImages.html: 0
[2016-02-12 16:38:23] EDIT DrawAPiece/views/default/showImages.html: 1
[2016-02-12 16:38:25] EDIT DrawAPiece/views/default/showImages.html: 0
[2016-02-12 16:38:29] EDIT DrawAPiece/views/default/showImages.html: 0
[2016-02-12 16:38:53] EDIT DrawAPiece/views/default/showImages.html: 0
[2016-02-12 16:39:03] EDIT DrawAPiece/views/default/showImages.html: 0
[2016-02-12 16:39:13] EDIT DrawAPiece/views/default/showImages.html: 0
[2016-02-12 16:40:42] EDIT DrawAPiece/static/css/style.css: 0
[2016-02-12 16:40:56] EDIT DrawAPiece/static/css/style.css: 0
[2016-02-12 16:41:46] EDIT DrawAPiece/static/css/style.css: 0
[2016-02-12 16:44:26] EDIT DrawAPiece/views/default/showImages.html: 1
[2016-02-12 16:45:55] EDIT DrawAPiece/views/default/showImages.html: 0
[2016-02-12 16:46:22] EDIT DrawAPiece/views/default/showImages.html: -1
[2016-02-12 16:47:09] EDIT DrawAPiece/views/default/showImages.html: 0
[2016-02-12 17:06:48] EDIT DrawAPiece/views/default/showImages.html: 6
[2016-02-12 17:07:00] EDIT DrawAPiece/views/default/showImages.html: -2
[2016-02-12 17:07:42] EDIT DrawAPiece/views/default/showImages.html: 1
[2016-02-12 17:08:10] EDIT DrawAPiece/views/default/showImages.html: 0
[2016-02-12 17:09:41] EDIT DrawAPiece/views/default/showImages.html: -1
[2016-02-12 17:10:03] EDIT DrawAPiece/views/default/showImages.html: -1
[2016-02-12 17:10:13] EDIT DrawAPiece/views/default/showImages.html: 0
[2016-02-12 17:10:44] EDIT DrawAPiece/views/default/showImages.html: 0
[2016-02-12 17:11:45] EDIT DrawAPiece/views/default/showImages.html: 0
[2016-02-12 17:12:25] EDIT DrawAPiece/views/default/showImages.html: 0
[2016-02-12 17:16:07] EDIT DrawAPiece/views/default/showImages.html: 0
[2016-02-12 17:16:27] EDIT DrawAPiece/views/default/showImages.html: 0
[2016-02-12 17:16:42] EDIT DrawAPiece/views/default/showImages.html: 0
[2016-02-12 17:16:57] EDIT DrawAPiece/views/default/showImages.html: 0
[2016-02-12 17:17:28] EDIT DrawAPiece/views/default/showImages.html: 0
[2016-02-12 17:18:02] EDIT DrawAPiece/views/default/showImages.html: 0
[2016-02-12 17:19:38] EDIT DrawAPiece/views/default/showImages.html: 0
[2016-02-12 17:20:35] EDIT DrawAPiece/views/default/showImages.html: 0
[2016-02-12 17:22:15] EDIT DrawAPiece/views/default/showImages.html: 0
[2016-02-12 17:22:57] EDIT DrawAPiece/views/default/showImages.html: 0
[2016-02-12 17:23:05] EDIT DrawAPiece/views/default/showImages.html: 0
[2016-02-12 17:24:15] EDIT DrawAPiece/views/default/showImages.html: 0
[2016-02-12 17:24:28] EDIT DrawAPiece/views/default/showImages.html: 0
[2016-02-12 17:24:48] EDIT DrawAPiece/views/default/showImages.html: 0
[2016-02-12 17:25:04] EDIT DrawAPiece/views/default/showImages.html: 0
[2016-02-12 17:25:04] EDIT DrawAPiece/views/default/showImages.html: 0
[2016-02-12 17:25:32] EDIT DrawAPiece/views/default/showImages.html: 0
[2016-02-12 17:25:44] EDIT DrawAPiece/views/default/showImages.html: 0
[2016-02-12 17:25:54] EDIT DrawAPiece/views/default/showImages.html: 0
[2016-02-12 17:27:28] EDIT DrawAPiece/views/default/showImages.html: 1
[2016-02-12 17:27:50] EDIT DrawAPiece/views/default/showImages.html: 0
[2016-02-12 17:28:10] EDIT DrawAPiece/views/default/showImages.html: 0
[2016-02-12 17:29:18] EDIT DrawAPiece/views/default/showImages.html: 0
[2016-02-12 17:32:03] EDIT DrawAPiece/views/default/showImages.html: -1
[2016-02-12 17:32:22] EDIT DrawAPiece/views/default/showImages.html: 1
[2016-02-12 17:33:08] EDIT DrawAPiece/views/default/showImages.html: 2
[2016-02-12 17:33:20] EDIT DrawAPiece/views/default/showImages.html: 0
[2016-02-12 17:34:00] EDIT DrawAPiece/views/default/showImages.html: 0
[2016-02-12 17:35:28] EDIT DrawAPiece/views/default/showImages.html: 1
[2016-02-12 17:35:45] EDIT DrawAPiece/views/default/showImages.html: 0
[2016-02-12 17:36:36] EDIT DrawAPiece/views/default/showImages.html: 0
[2016-02-12 17:37:44] EDIT DrawAPiece/views/default/showImages.html: -1
[2016-02-12 17:38:25] EDIT DrawAPiece/views/default/showImages.html: 0
[2016-02-12 17:43:14] EDIT DrawAPiece/views/default/showImages.html: 1
[2016-02-12 17:43:53] EDIT DrawAPiece/views/default/showImages.html: 0
[2016-02-12 17:44:51] EDIT DrawAPiece/views/default/showImages.html: -1
[2016-02-12 17:44:53] EDIT DrawAPiece/views/default/showImages.html: 0
[2016-02-12 17:45:26] EDIT DrawAPiece/controllers/default.py: 2
[2016-02-12 18:49:52] EDIT DrawAPiece/views/default/showImages.html: 2
[2016-02-12 18:50:45] EDIT DrawAPiece/views/default/showImages.html: -1
[2016-02-12 18:50:58] EDIT DrawAPiece/views/default/showImages.html: 0
[2016-02-12 18:51:00] EDIT DrawAPiece/views/default/showImages.html: 0
[2016-02-12 18:51:23] EDIT DrawAPiece/views/default/showImages.html: 0
[2016-02-12 18:51:45] EDIT DrawAPiece/views/default/showImages.html: -1
[2016-02-12 18:56:00] EDIT DrawAPiece/views/default/showImages.html: 0
[2016-02-12 18:57:32] EDIT DrawAPiece/views/default/showImages.html: 0
[2016-02-12 18:57:35] EDIT DrawAPiece/controllers/default.py: 0
[2016-02-12 18:59:01] EDIT DrawAPiece/controllers/default.py: 1
[2016-02-12 18:59:07] EDIT DrawAPiece/views/default/showImages.html: 0
[2016-02-12 19:01:47] EDIT DrawAPiece/views/default/showImages.html: 0
[2016-02-12 19:02:49] EDIT DrawAPiece/views/default/showImages.html: 0
[2016-02-12 19:03:23] EDIT DrawAPiece/views/default/showImages.html: 0
[2016-02-12 19:04:03] EDIT DrawAPiece/controllers/default.py: -2
[2016-02-12 19:04:09] EDIT DrawAPiece/controllers/default.py: 1
[2016-02-12 19:04:31] EDIT DrawAPiece/controllers/default.py: 1
[2016-02-12 19:05:28] EDIT DrawAPiece/controllers/default.py: 0
[2016-02-12 19:06:30] EDIT DrawAPiece/controllers/default.py: 1
[2016-02-12 19:06:36] EDIT DrawAPiece/controllers/default.py: 0
[2016-02-12 19:06:49] EDIT DrawAPiece/controllers/default.py: 0
[2016-02-12 19:06:55] EDIT DrawAPiece/controllers/default.py: 0
[2016-02-12 19:07:21] EDIT DrawAPiece/controllers/default.py: 0
[2016-02-12 19:07:37] EDIT DrawAPiece/controllers/default.py: 0
[2016-02-12 19:07:55] EDIT DrawAPiece/controllers/default.py: 0
[2016-02-12 19:08:10] EDIT DrawAPiece/controllers/default.py: 0
[2016-02-12 21:32:42] EDIT DrawAPiece/controllers/default.py: 1
[2016-02-12 21:34:05] EDIT DrawAPiece/views/default/showImages.html: 0
[2016-02-12 21:36:03] EDIT DrawAPiece/views/default/showImages.html: 0
[2016-02-12 21:36:24] EDIT DrawAPiece/controllers/default.py: 0
[2016-02-12 21:37:05] EDIT DrawAPiece/controllers/default.py: 0
[2016-02-12 21:38:23] EDIT DrawAPiece/controllers/default.py: 1
[2016-02-12 21:39:21] EDIT DrawAPiece/controllers/default.py: 0
[2016-02-12 22:02:56] EDIT DrawAPiece/views/default/showImages.html: 0
[2016-02-12 22:04:41] EDIT DrawAPiece/views/default/showImages.html: 1
[2016-02-12 22:05:08] EDIT DrawAPiece/views/default/showImages.html: 0
[2016-02-12 22:06:21] EDIT DrawAPiece/controllers/default.py: 0
[2016-02-12 22:07:06] EDIT DrawAPiece/controllers/default.py: 0
[2016-02-12 22:08:13] EDIT DrawAPiece/controllers/default.py: 0
[2016-02-12 22:08:51] EDIT DrawAPiece/controllers/default.py: 0
[2016-02-12 22:08:59] EDIT DrawAPiece/controllers/default.py: 0
[2016-02-12 22:09:11] EDIT DrawAPiece/controllers/default.py: 0
[2016-02-12 22:09:22] EDIT DrawAPiece/controllers/default.py: 0
[2016-02-12 22:09:22] EDIT DrawAPiece/controllers/default.py: 0
[2016-02-12 22:09:39] EDIT DrawAPiece/controllers/default.py: 0
[2016-02-12 22:09:44] EDIT DrawAPiece/controllers/default.py: 0
[2016-02-12 22:10:01] EDIT DrawAPiece/controllers/default.py: 0
[2016-02-12 22:10:11] EDIT DrawAPiece/controllers/default.py: 0
[2016-02-12 22:10:15] EDIT DrawAPiece/controllers/default.py: 0
[2016-02-12 22:10:38] EDIT DrawAPiece/controllers/default.py: 0
[2016-02-12 22:10:50] EDIT DrawAPiece/controllers/default.py: 0
[2016-02-12 22:11:02] EDIT DrawAPiece/controllers/default.py: 0
[2016-02-12 22:11:18] EDIT DrawAPiece/controllers/default.py: 0
[2016-02-12 22:18:24] EDIT DrawAPiece/views/default/showImages.html: 0
[2016-02-12 22:25:58] EDIT DrawAPiece/controllers/default.py: 3
[2016-02-12 22:32:11] EDIT DrawAPiece/controllers/default.py: 4
[2016-02-12 22:33:01] EDIT DrawAPiece/controllers/default.py: 0
[2016-02-12 22:33:53] EDIT DrawAPiece/controllers/default.py: 0
[2016-02-12 22:35:00] EDIT DrawAPiece/controllers/default.py: 0
[2016-02-12 22:35:44] EDIT DrawAPiece/controllers/default.py: 1
[2016-02-12 22:36:37] EDIT DrawAPiece/controllers/default.py: 0
[2016-02-12 22:37:54] EDIT DrawAPiece/controllers/default.py: 1
[2016-02-12 22:39:02] EDIT DrawAPiece/controllers/default.py: 1
[2016-02-12 22:40:07] EDIT DrawAPiece/controllers/default.py: 0
[2016-02-12 22:40:18] EDIT DrawAPiece/controllers/default.py: -2
[2016-02-12 22:40:43] EDIT DrawAPiece/controllers/default.py: 0
[2016-02-12 22:40:49] EDIT DrawAPiece/controllers/default.py: -1
[2016-02-12 22:41:22] EDIT DrawAPiece/controllers/default.py: 0
[2016-02-12 22:41:24] EDIT DrawAPiece/static/css/style.css: 0
[2016-02-12 22:41:26] EDIT DrawAPiece/views/default/showImages.html: 0
[2016-02-12 22:47:42] EDIT DrawAPiece/views/default/showImages.html: -1
[2016-02-12 22:48:55] EDIT DrawAPiece/controllers/default.py: 0
[2016-02-12 22:49:06] EDIT DrawAPiece/controllers/default.py: 0
[2016-02-12 22:49:08] EDIT DrawAPiece/views/default/showImages.html: 1
[2016-02-12 22:53:00] EDIT DrawAPiece/views/default/showImages.html: 0
[2016-02-12 22:53:02] EDIT DrawAPiece/views/default/showImages.html: 0
[2016-02-12 22:57:24] EDIT DrawAPiece/views/default/showImages.html: 0
[2016-02-12 23:01:07] EDIT DrawAPiece/views/default/showImages.html: 1
[2016-02-12 23:02:14] EDIT DrawAPiece/views/default/showImages.html: 0
[2016-02-12 23:05:16] EDIT DrawAPiece/views/default/showImages.html: 0
[2016-02-12 23:05:17] EDIT DrawAPiece/views/default/showImages.html: 0
[2016-02-12 23:05:31] EDIT DrawAPiece/views/default/showImages.html: 0
[2016-02-12 23:07:00] EDIT DrawAPiece/views/default/showImages.html: 0
[2016-02-12 23:08:42] EDIT DrawAPiece/views/default/showImages.html: 0
[2016-02-12 23:09:25] EDIT DrawAPiece/views/default/showImages.html: -1
[2016-02-12 23:10:44] EDIT DrawAPiece/views/default/showImages.html: -1
[2016-02-13 17:02:11] EDIT Draw_a_Piece/controllers/default.py: 2
[2016-02-13 17:02:41] EDIT Draw_a_Piece/controllers/default.py: 0
[2016-02-13 17:03:06] EDIT Draw_a_Piece/controllers/default.py: 0
[2016-02-13 17:03:23] EDIT Draw_a_Piece/controllers/default.py: 1
[2016-02-13 17:06:11] EDIT Draw_a_Piece/controllers/default.py: 0
[2016-02-13 17:11:59] EDIT Draw_a_Piece/controllers/default.py: 1
[2016-02-13 17:12:43] EDIT Draw_a_Piece/controllers/default.py: 4
[2016-02-13 17:12:54] EDIT Draw_a_Piece/controllers/default.py: 1
[2016-02-13 17:14:14] EDIT Draw_a_Piece/controllers/default.py: 1
[2016-02-13 17:15:13] EDIT Draw_a_Piece/controllers/default.py: 2
[2016-02-13 17:19:22] EDIT Draw_a_Piece/controllers/default.py: 0
[2016-02-13 17:19:25] EDIT Draw_a_Piece/models/db.py: 0
[2016-02-15 14:32:25] EDIT DrawAPiece/views/default/showImages.html: 0
[2016-02-15 18:31:56] EDIT DrawAPiece/static/js/Sketch.js: 9
[2016-02-15 18:33:42] EDIT DrawAPiece/views/default/show.html: 3
[2016-02-15 18:34:18] EDIT DrawAPiece/views/default/show.html: 1
[2016-02-15 18:35:45] EDIT DrawAPiece/static/js/Sketch.js: 0
[2016-02-15 18:35:46] EDIT DrawAPiece/static/js/Sketch.js: 0
[2016-02-15 18:37:10] EDIT DrawAPiece/static/js/Sketch.js: 0
[2016-02-15 18:43:53] EDIT DrawAPiece/views/default/show.html: 8
[2016-02-15 18:44:44] EDIT DrawAPiece/views/default/show.html: 0
[2016-02-15 18:45:13] EDIT DrawAPiece/views/default/show.html: -8
[2016-02-15 18:46:00] EDIT DrawAPiece/views/default/show.html: 2
[2016-02-15 18:46:54] EDIT DrawAPiece/views/default/show.html: 0
[2016-02-15 18:46:56] EDIT DrawAPiece/views/default/show.html: 0
[2016-02-15 18:47:22] EDIT DrawAPiece/views/default/show.html: 0
[2016-02-15 18:47:52] EDIT DrawAPiece/views/default/show.html: 0
[2016-02-15 18:54:31] EDIT DrawAPiece/views/default/show.html: 1
[2016-02-15 18:55:23] EDIT DrawAPiece/views/default/show.html: 1
[2016-02-15 18:55:29] EDIT DrawAPiece/views/default/show.html: 0
[2016-02-15 18:55:49] EDIT DrawAPiece/views/default/show.html: 0
[2016-02-15 18:56:06] EDIT DrawAPiece/views/default/show.html: 0
[2016-02-15 19:00:23] EDIT DrawAPiece/views/default/show.html: 6
[2016-02-15 19:27:49] EDIT DrawAPiece/controllers/default.py: 6
[2016-02-15 19:28:28] EDIT DrawAPiece/controllers/default.py: 1
[2016-02-15 19:29:38] EDIT DrawAPiece/views/default/show.html: 0
[2016-02-15 19:31:19] EDIT DrawAPiece/views/default/show.html: 0
[2016-02-15 19:31:49] EDIT DrawAPiece/controllers/default.py: 0
[2016-02-15 19:32:50] EDIT DrawAPiece/controllers/default.py: 0
[2016-02-15 19:33:13] EDIT DrawAPiece/controllers/default.py: 0
[2016-02-15 19:34:41] EDIT DrawAPiece/controllers/default.py: 0
[2016-02-15 21:24:54] EDIT DrawAPiece/controllers/default.py: 1
[2016-02-15 21:26:31] EDIT DrawAPiece/views/default/show.html: 0
[2016-02-15 21:29:30] EDIT DrawAPiece/views/default/show.html: -6
[2016-02-15 22:47:03] EDIT DrawAPiece/controllers/default.py: 3
[2016-02-15 22:47:28] EDIT DrawAPiece/controllers/default.py: 0
[2016-02-15 22:48:20] EDIT DrawAPiece/controllers/default.py: 0
[2016-02-15 22:48:29] EDIT DrawAPiece/controllers/default.py: 0
[2016-02-15 22:48:59] EDIT DrawAPiece/controllers/default.py: 0
[2016-02-15 22:49:28] EDIT DrawAPiece/controllers/default.py: 0
[2016-02-15 22:50:28] EDIT DrawAPiece/controllers/default.py: 0
[2016-02-15 22:50:30] EDIT DrawAPiece/controllers/default.py: 0
[2016-02-15 22:50:30] EDIT DrawAPiece/controllers/default.py: 0
[2016-02-15 22:50:30] EDIT DrawAPiece/controllers/default.py: 0
[2016-02-15 22:50:31] EDIT DrawAPiece/controllers/default.py: 0
[2016-02-15 22:50:51] EDIT DrawAPiece/controllers/default.py: 0
[2016-02-15 22:51:18] EDIT DrawAPiece/controllers/default.py: 0
[2016-02-15 22:56:35] EDIT DrawAPiece/controllers/default.py: 0
[2016-02-15 22:58:53] EDIT DrawAPiece/controllers/default.py: 1
[2016-02-15 22:59:16] EDIT DrawAPiece/controllers/default.py: 0
[2016-02-15 23:00:01] EDIT DrawAPiece/controllers/default.py: 0
[2016-02-15 23:17:14] EDIT DrawAPiece/views/default/show.html: 1
[2016-02-15 23:26:20] EDIT DrawAPiece/controllers/default.py: 3
[2016-02-16 18:15:01] EDIT DrawAPiece/controllers/default.py: 0
[2016-02-16 22:17:14] EDIT DrawAPiece/views/default/crop.html: 0
[2016-02-16 22:37:15] EDIT DrawAPiece/views/default/crop.html: 0
[2016-02-16 22:37:45] EDIT DrawAPiece/views/default/crop.html: 0
[2016-02-16 22:38:20] EDIT DrawAPiece/views/default/crop.html: 0
[2016-02-16 22:38:42] EDIT DrawAPiece/views/default/crop.html: 0
[2016-02-16 22:40:08] EDIT DrawAPiece/views/default/crop.html: 0
[2016-02-16 22:44:19] EDIT DrawAPiece/controllers/default.py: 1
[2016-02-16 22:47:40] EDIT DrawAPiece/controllers/default.py: 0
[2016-02-16 22:48:07] EDIT DrawAPiece/controllers/default.py: 0
[2016-02-16 22:48:37] EDIT DrawAPiece/controllers/default.py: 0
[2016-02-16 22:48:48] EDIT DrawAPiece/controllers/default.py: 0
[2016-02-16 22:49:31] EDIT DrawAPiece/controllers/default.py: 0
[2016-02-16 23:00:01] EDIT DrawAPiece/controllers/default.py: 6
[2016-02-16 23:00:32] EDIT DrawAPiece/controllers/default.py: 0
[2016-02-16 23:00:58] EDIT DrawAPiece/controllers/default.py: 1
[2016-02-16 23:01:29] EDIT DrawAPiece/controllers/default.py: 0
[2016-02-16 23:03:51] EDIT DrawAPiece/controllers/default.py: -1
[2016-02-16 23:04:59] EDIT DrawAPiece/controllers/default.py: 0
[2016-02-16 23:06:43] EDIT DrawAPiece/controllers/default.py: 0
[2016-02-16 23:07:23] EDIT DrawAPiece/controllers/default.py: 0
[2016-02-16 23:09:12] EDIT DrawAPiece/controllers/default.py: 0
[2016-02-16 23:09:45] EDIT DrawAPiece/controllers/default.py: 0
[2016-02-16 23:12:25] EDIT DrawAPiece/views/default/show.html: 0
[2016-02-16 23:13:01] EDIT DrawAPiece/views/default/crop.html: 0
[2016-02-16 23:13:08] EDIT DrawAPiece/views/default/show.html: 0
[2016-02-16 23:14:27] EDIT DrawAPiece/views/default/show.html: 0
[2016-02-16 23:26:47] EDIT DrawAPiece/views/default/show.html: 1
[2016-02-16 23:26:49] EDIT DrawAPiece/views/default/show.html: 0
[2016-02-16 23:27:46] EDIT DrawAPiece/views/default/show.html: 0
[2016-02-16 23:29:48] EDIT DrawAPiece/views/default/show.html: 1
[2016-02-16 23:32:36] EDIT DrawAPiece/views/default/show.html: 5
[2016-02-16 23:40:08] EDIT DrawAPiece/views/default/show.html: 0
[2016-02-16 23:41:27] EDIT DrawAPiece/views/default/show.html: 1
[2016-02-16 23:41:45] EDIT DrawAPiece/views/default/show.html: 0
[2016-02-16 23:42:50] EDIT DrawAPiece/views/default/show.html: 0
[2016-02-16 23:50:40] EDIT DrawAPiece/static/js/Sketch.js: 0
[2016-02-16 23:50:46] EDIT DrawAPiece/views/default/show.html: 0
[2016-02-16 23:51:02] EDIT DrawAPiece/views/default/show.html: 0
[2016-02-16 23:52:08] EDIT DrawAPiece/static/js/Sketch.js: -6
[2016-02-16 23:53:40] EDIT DrawAPiece/views/default/show.html: 1
[2016-02-16 23:54:10] EDIT DrawAPiece/views/default/show.html: 1
[2016-02-16 23:57:09] EDIT DrawAPiece/static/js/Sketch.js: 6
[2016-02-16 23:58:29] EDIT DrawAPiece/views/default/show.html: 0
[2016-02-16 23:58:45] EDIT DrawAPiece/views/default/show.html: -2
[2016-02-17 00:00:41] EDIT DrawAPiece/views/default/show.html: 0
[2016-02-17 00:05:01] EDIT DrawAPiece/controllers/default.py: 4
[2016-02-17 00:05:21] EDIT DrawAPiece/views/default/show.html: -1
[2016-02-17 00:07:06] EDIT DrawAPiece/controllers/default.py: 3
[2016-02-17 00:11:46] EDIT DrawAPiece/controllers/default.py: 0
[2016-02-17 00:12:33] EDIT DrawAPiece/controllers/default.py: 0
[2016-02-17 00:13:23] EDIT DrawAPiece/controllers/default.py: 0
[2016-02-17 00:18:57] EDIT DrawAPiece/controllers/default.py: -4
[2016-02-17 00:18:57] EDIT DrawAPiece/controllers/default.py: 0
[2016-02-17 00:18:58] EDIT DrawAPiece/controllers/default.py: 0
[2016-02-17 00:29:48] EDIT DrawAPiece/controllers/default.py: 1
[2016-02-17 00:32:32] EDIT DrawAPiece/controllers/default.py: -2
[2016-02-17 00:33:31] EDIT DrawAPiece/views/default/show.html: 0
[2016-02-17 00:33:49] EDIT DrawAPiece/views/default/show.html: 0
[2016-02-17 00:34:14] EDIT DrawAPiece/views/default/show.html: 0
[2016-02-17 00:34:14] EDIT DrawAPiece/views/default/show.html: 0
[2016-02-17 00:34:16] EDIT DrawAPiece/views/default/show.html: 0
[2016-02-17 00:34:35] EDIT DrawAPiece/views/default/show.html: 0
[2016-02-17 00:34:55] EDIT DrawAPiece/views/default/show.html: 0
[2016-02-17 00:36:29] EDIT DrawAPiece/controllers/default.py: 0
[2016-02-17 00:37:00] EDIT DrawAPiece/controllers/default.py: 0
[2016-02-17 00:38:29] EDIT DrawAPiece/views/default/show.html: -2
[2016-02-17 00:38:55] EDIT DrawAPiece/controllers/default.py: -4
[2016-02-17 00:41:38] EDIT DrawAPiece/controllers/default.py: 0
[2016-02-17 00:42:15] EDIT DrawAPiece/views/default/show.html: -1
[2016-02-17 00:49:14] EDIT DrawAPiece/controllers/default.py: 6
[2016-02-17 00:50:21] EDIT DrawAPiece/controllers/default.py: 0
[2016-02-17 00:51:35] EDIT DrawAPiece/controllers/default.py: 0
[2016-02-17 00:52:06] EDIT DrawAPiece/controllers/default.py: 0
[2016-02-17 00:57:43] EDIT DrawAPiece/controllers/default.py: 2
[2016-02-17 00:58:06] EDIT DrawAPiece/controllers/default.py: 0
[2016-02-17 00:59:09] EDIT DrawAPiece/controllers/default.py: -1
[2016-02-17 01:00:40] EDIT DrawAPiece/views/default/show.html: -2
[2016-02-17 01:03:09] EDIT DrawAPiece/controllers/default.py: 0
[2016-02-17 01:09:31] EDIT DrawAPiece/views/default/showImages.html: 1
[2016-02-17 01:11:58] EDIT DrawAPiece/views/default/showImages.html: 0
[2016-02-17 01:12:10] EDIT DrawAPiece/views/default/show.html: 0
[2016-02-17 01:13:56] EDIT DrawAPiece/controllers/default.py: 1
[2016-02-17 01:17:34] EDIT DrawAPiece/controllers/default.py: 2
[2016-02-17 01:17:59] EDIT DrawAPiece/controllers/default.py: 1
[2016-02-17 01:19:46] EDIT DrawAPiece/controllers/default.py: -1
[2016-02-17 01:20:52] EDIT DrawAPiece/controllers/default.py: 0
[2016-02-17 01:21:53] EDIT DrawAPiece/controllers/default.py: 0
[2016-02-17 01:23:33] EDIT DrawAPiece/controllers/default.py: 0
[2016-02-17 01:24:15] EDIT DrawAPiece/controllers/default.py: 2
[2016-02-17 01:24:42] EDIT DrawAPiece/controllers/default.py: 0
[2016-02-17 01:25:46] EDIT DrawAPiece/controllers/default.py: 0
[2016-02-17 01:26:26] EDIT DrawAPiece/controllers/default.py: 1
[2016-02-17 01:26:52] EDIT DrawAPiece/controllers/default.py: 0
[2016-02-17 01:27:33] EDIT DrawAPiece/controllers/default.py: 0
[2016-02-17 01:32:13] EDIT DrawAPiece/controllers/default.py: 0
[2016-02-17 15:44:29] EDIT Draw_a_Piece/models/db.py: 1
[2016-02-21 22:13:22] EDIT DrawAPiece/views/default/show.html: 1
[2016-02-21 22:17:05] EDIT DrawAPiece/controllers/default.py: 1
[2016-02-21 22:17:14] EDIT DrawAPiece/views/default/show.html: 0
[2016-02-21 22:17:19] EDIT DrawAPiece/controllers/default.py: 0
[2016-02-21 22:18:00] EDIT DrawAPiece/controllers/default.py: 1
[2016-02-21 22:18:19] EDIT DrawAPiece/controllers/default.py: 0
[2016-02-21 22:22:09] EDIT DrawAPiece/controllers/default.py: 0
[2016-02-21 22:34:24] EDIT DrawAPiece/controllers/default.py: 0
[2016-02-21 22:37:49] EDIT DrawAPiece/controllers/default.py: 2
[2016-02-21 22:39:32] EDIT DrawAPiece/controllers/default.py: 0
[2016-02-21 22:39:39] EDIT DrawAPiece/controllers/default.py: -1
[2016-02-21 22:40:12] EDIT DrawAPiece/controllers/default.py: 1
[2016-02-21 22:40:21] EDIT DrawAPiece/controllers/default.py: 0
[2016-02-21 22:40:52] EDIT DrawAPiece/controllers/default.py: 0
[2016-02-21 22:40:57] EDIT DrawAPiece/controllers/default.py: 0
[2016-02-21 22:41:54] EDIT DrawAPiece/controllers/default.py: 0
[2016-02-21 22:42:20] EDIT DrawAPiece/controllers/default.py: 0
[2016-02-21 22:46:10] EDIT DrawAPiece/controllers/default.py: 0
[2016-02-21 22:48:08] EDIT DrawAPiece/controllers/default.py: 0
[2016-02-21 22:57:52] EDIT DrawAPiece/controllers/default.py: 3
[2016-02-21 22:58:13] EDIT DrawAPiece/controllers/default.py: 0
[2016-02-21 23:02:15] EDIT DrawAPiece/controllers/default.py: 0
[2016-02-21 23:02:16] EDIT DrawAPiece/controllers/default.py: 0
[2016-02-21 23:02:54] EDIT DrawAPiece/controllers/default.py: 0
[2016-02-21 23:04:38] EDIT DrawAPiece/controllers/default.py: 1
[2016-02-21 23:05:52] EDIT DrawAPiece/controllers/default.py: 4
[2016-02-21 23:06:44] EDIT DrawAPiece/controllers/default.py: 0
[2016-02-21 23:09:56] EDIT DrawAPiece/controllers/default.py: -2
[2016-02-21 23:10:40] EDIT DrawAPiece/controllers/default.py: 0
[2016-02-21 23:41:02] EDIT DrawAPiece/views/default/show.html: 0
[2016-02-21 23:42:13] EDIT DrawAPiece/views/default/show.html: 0
[2016-02-21 23:44:01] EDIT DrawAPiece/views/default/show.html: 0
[2016-02-21 23:47:56] EDIT DrawAPiece/views/default/show.html: 0
[2016-02-21 23:56:57] EDIT DrawAPiece/controllers/default.py: 0
[2016-02-21 23:57:03] EDIT DrawAPiece/controllers/default.py: 0
[2016-02-22 00:08:38] EDIT DrawAPiece/views/default/show.html: 2
[2016-02-22 00:08:58] EDIT DrawAPiece/controllers/default.py: 0
[2016-02-22 00:57:36] EDIT DrawAPiece/views/default/show.html: 4
[2016-02-22 00:58:07] EDIT DrawAPiece/views/default/show.html: 0
[2016-02-22 01:11:34] EDIT DrawAPiece/views/default/show.html: 0
[2016-02-22 01:13:41] EDIT DrawAPiece/views/default/show.html: 1
[2016-02-22 01:15:22] EDIT DrawAPiece/controllers/default.py: -1
[2016-02-24 19:15:52] EDIT DrawAPiece/views/default/show.html: 0
[2016-02-26 13:00:39] EDIT DrawAPiece/controllers/default.py: 11
[2016-02-26 13:04:08] EDIT DrawAPiece/views/default/show.html: 0
[2016-02-26 13:08:05] EDIT DrawAPiece/controllers/default.py: -3
[2016-02-26 13:08:16] EDIT DrawAPiece/controllers/default.py: 0
[2016-02-26 13:09:01] EDIT DrawAPiece/controllers/default.py: 0
[2016-02-26 13:09:44] EDIT DrawAPiece/views/default/show.html: 0
[2016-02-26 13:09:52] EDIT DrawAPiece/views/default/show.html: -2
[2016-02-26 13:11:00] EDIT DrawAPiece/controllers/default.py: 0
[2016-02-26 13:11:04] EDIT DrawAPiece/controllers/default.py: 0
[2016-02-26 13:12:27] EDIT DrawAPiece/views/default/show.html: 0
[2016-02-26 13:17:43] EDIT DrawAPiece/controllers/default.py: 1
[2016-02-26 13:19:54] EDIT DrawAPiece/controllers/default.py: -1
[2016-02-26 17:53:48] EDIT DrawAPiece/views/default/show.html: 0
[2016-02-26 17:54:11] EDIT DrawAPiece/views/default/show.html: 0
[2016-02-26 18:24:03] EDIT DrawAPiece/views/default/show.html: 0
[2016-02-26 18:58:45] EDIT DrawAPiece/models/db.py: 0
[2016-02-26 18:59:14] EDIT DrawAPiece/models/db.py: 0
[2016-02-26 19:00:31] EDIT DrawAPiece/controllers/default.py: 0
[2016-02-26 19:01:46] EDIT DrawAPiece/controllers/default.py: 0
[2016-02-26 19:04:44] EDIT DrawAPiece/views/default/show.html: 0
[2016-02-26 19:05:05] EDIT DrawAPiece/views/default/show.html: 0
[2016-02-26 19:05:19] EDIT DrawAPiece/views/default/show.html: 0
[2016-02-26 19:07:32] EDIT DrawAPiece/views/default/show.html: 0
[2016-02-26 19:07:50] EDIT DrawAPiece/views/default/show.html: 1
[2016-02-26 19:28:16] EDIT DrawAPiece/controllers/default.py: 1
[2016-02-26 19:29:00] EDIT DrawAPiece/controllers/default.py: 0
[2016-02-26 19:33:13] EDIT DrawAPiece/controllers/default.py: 0
[2016-02-26 19:35:06] EDIT DrawAPiece/controllers/default.py: 0
[2016-02-26 19:39:23] EDIT DrawAPiece/controllers/default.py: 0
[2016-02-26 19:43:13] EDIT DrawAPiece/controllers/default.py: 1
[2016-02-26 19:43:37] EDIT DrawAPiece/controllers/default.py: 0
[2016-02-26 19:43:56] EDIT DrawAPiece/controllers/default.py: 0
[2016-02-26 19:49:58] EDIT DrawAPiece/controllers/default.py: 0
[2016-02-26 19:51:34] EDIT DrawAPiece/controllers/default.py: 0
[2016-02-26 19:51:39] EDIT DrawAPiece/controllers/default.py: 0
[2016-02-26 19:59:18] EDIT DrawAPiece/views/default/show.html: -1
[2016-02-26 20:02:03] EDIT DrawAPiece/views/default/show.html: -1
[2016-02-26 20:02:16] EDIT DrawAPiece/views/default/show.html: 0
[2016-02-26 20:04:53] EDIT DrawAPiece/views/default/show.html: 0
[2016-03-04 18:22:30] EDIT DrawAPiece/controllers/default.py: 1
[2016-03-05 18:02:45] EDIT DrawAPiece/models/db.py: 1
[2016-03-05 18:06:49] EDIT DrawAPiece/controllers/default.py: 0
[2016-03-05 18:07:49] EDIT DrawAPiece/controllers/default.py: 0
[2016-03-05 18:14:05] EDIT DrawAPiece/models/db.py: 0
[2016-03-05 18:14:23] EDIT DrawAPiece/models/db.py: 0
[2016-03-05 18:14:23] EDIT DrawAPiece/models/db.py: 0
[2016-03-05 18:14:23] EDIT DrawAPiece/models/db.py: 0
[2016-03-05 18:14:23] EDIT DrawAPiece/models/db.py: 0
[2016-03-05 18:14:24] EDIT DrawAPiece/models/db.py: 0
[2016-03-05 18:14:39] EDIT DrawAPiece/models/db.py: 0
[2016-03-05 18:16:36] EDIT DrawAPiece/models/db.py: 0
[2016-03-05 18:16:36] EDIT DrawAPiece/models/db.py: 0
[2016-03-05 18:16:36] EDIT DrawAPiece/models/db.py: 0
